[debug] [2018-04-10T14:40:30.231Z] ----------------------------------------------------------------------
[debug] [2018-04-10T14:40:30.232Z] Command:       /usr/local/bin/node /usr/local/bin/firebase serve
[debug] [2018-04-10T14:40:30.233Z] CLI Version:   3.18.2
[debug] [2018-04-10T14:40:30.233Z] Platform:      darwin
[debug] [2018-04-10T14:40:30.233Z] Node Version:  v8.11.1
[debug] [2018-04-10T14:40:30.233Z] Time:          Tue Apr 10 2018 09:40:30 GMT-0500 (CDT)
[debug] [2018-04-10T14:40:30.233Z] ----------------------------------------------------------------------
[debug] 
[debug] [2018-04-10T14:40:30.244Z] > command requires scopes: ["email","openid","https://www.googleapis.com/auth/cloudplatformprojects.readonly","https://www.googleapis.com/auth/firebase","https://www.googleapis.com/auth/cloud-platform"]
[debug] [2018-04-10T14:40:30.245Z] > authorizing via signed-in user
[debug] [2018-04-10T14:40:30.246Z] > refreshing access token with scopes: ["email","https://www.googleapis.com/auth/cloud-platform","https://www.googleapis.com/auth/cloudplatformprojects.readonly","https://www.googleapis.com/auth/firebase","openid"]
[debug] [2018-04-10T14:40:30.246Z] >>> HTTP REQUEST POST https://www.googleapis.com/oauth2/v3/token  
 { refresh_token: '1/XKN5heYzPbueF3okTX2tdz19dEaMBbexwQKv3zeEpwFVKTxcuUCZH-WFuVGEfhT7',
  client_id: '563584335869-fgrhgmd47bqnekij5i8b5pr03ho849e6.apps.googleusercontent.com',
  client_secret: 'j9iVZfS8kkCEFUPaAeJV0sAi',
  grant_type: 'refresh_token',
  scope: 'email https://www.googleapis.com/auth/cloud-platform https://www.googleapis.com/auth/cloudplatformprojects.readonly https://www.googleapis.com/auth/firebase openid' } 
 Tue Apr 10 2018 09:40:30 GMT-0500 (CDT)
[debug] [2018-04-10T14:40:30.400Z] <<< HTTP RESPONSE 200
[debug] [2018-04-10T14:40:30.407Z] >>> HTTP REQUEST GET https://admin.firebase.com/v1/projects/goog-colab-poly-fb-pwa  
  
 Tue Apr 10 2018 09:40:30 GMT-0500 (CDT)
[debug] [2018-04-10T14:40:30.744Z] <<< HTTP RESPONSE 200
[debug] [2018-04-10T14:40:30.745Z] >>> HTTP REQUEST GET https://admin.firebase.com/v1/database/goog-colab-poly-fb-pwa/tokens  
  
 Tue Apr 10 2018 09:40:30 GMT-0500 (CDT)
[debug] [2018-04-10T14:40:31.067Z] <<< HTTP RESPONSE 200
[debug] [2018-04-10T14:40:31.068Z] >>> HTTP REQUEST GET https://cloudresourcemanager.googleapis.com/v1/projects/goog-colab-poly-fb-pwa  
  
 Tue Apr 10 2018 09:40:31 GMT-0500 (CDT)
[debug] [2018-04-10T14:40:31.304Z] <<< HTTP RESPONSE 200
[info] 
[info] === Serving from '/Users/mike.cory/Documents/projects/Google/Code Labs/2017-poly-fb-pwa'...
[info] 
[debug] [2018-04-10T14:40:31.306Z] >>> HTTP REQUEST GET https://mobilesdk-pa.googleapis.com/v1/projects/806078209982/clients/_:getWebAppConfig  
  
 Tue Apr 10 2018 09:40:31 GMT-0500 (CDT)
[debug] [2018-04-10T14:40:31.592Z] <<< HTTP RESPONSE 200
[info] i  hosting: Serving hosting files from: public
[info] ✔  hosting: Local server: http://localhost:5000

